<?xml version="1.0" encoding="UTF-8"?>
<!-- Generated by org.testng.reporters.JUnitReportReporter -->
<testsuite hostname="DESKTOP-89FF1E3" failures="0" tests="2" name="runner.RunCake" time="0.185" errors="0" timestamp="2024-12-16T21:56:40 BRT" skipped="0">
  <testcase classname="runner.RunCake" name="runScenario" time="0.018"/>
  <system-out/>
  <testcase classname="runner.RunCake" name="runScenario" time="0.167"/>
  <system-out/>
</testsuite> <!-- runner.RunCake -->
