<?xml version="1.0" encoding="UTF-8"?>
<!-- Generated by org.testng.reporters.JUnitReportReporter -->
<testsuite hostname="DESKTOP-89FF1E3" failures="0" tests="2" name="runner.RunCake" time="0.159" errors="0" timestamp="2024-12-14T13:57:34 BRT" skipped="0">
  <testcase classname="runner.RunCake" name="runScenario" time="0.014"/>
  <system-out/>
  <testcase classname="runner.RunCake" name="runScenario" time="0.145"/>
  <system-out/>
</testsuite> <!-- runner.RunCake -->
