<?xml version="1.0" encoding="UTF-8"?>
<!-- Generated by org.testng.reporters.JUnitReportReporter -->
<testsuite hostname="DESKTOP-89FF1E3" failures="0" tests="2" name="runner.RunCake" time="0.153" errors="0" timestamp="2024-12-19T12:03:49 BRT" skipped="0">
  <testcase classname="runner.RunCake" name="runScenario" time="0.138"/>
  <system-out/>
  <testcase classname="runner.RunCake" name="runScenario" time="0.015"/>
  <system-out/>
</testsuite> <!-- runner.RunCake -->
